<?xml version="1.0" encoding="UTF-8"?>
<!-- Generated by org.testng.reporters.JUnitReportReporter -->
<testsuite skipped="0" hostname="khosruzs-MacBook-Pro.local" name="com.api.testsCustomers.TestPUTCustomer" tests="1" failures="0" timestamp="2022-06-06T13:17:59 EDT" time="2.408" errors="0">
  <testcase name="testUpdateMultipleFields" time="2.408" classname="com.api.testsCustomers.TestPUTCustomer"/>
  <system-out/>
</testsuite> <!-- com.api.testsCustomers.TestPUTCustomer -->
