<?xml version="1.0" encoding="UTF-8"?>
<!-- Generated by org.testng.reporters.JUnitReportReporter -->
<testsuite skipped="0" hostname="Khosruzs-MBP.lan" name="com.api.testsCustomers.TestGETCustomers" tests="1" failures="0" timestamp="2022-06-27T21:56:36 EDT" time="1.542" errors="0">
  <testcase name="testAllCustomers" time="1.542" classname="com.api.testsCustomers.TestGETCustomers"/>
  <system-out/>
</testsuite> <!-- com.api.testsCustomers.TestGETCustomers -->
