<?xml version="1.0" encoding="UTF-8"?>
<!-- Generated by org.testng.reporters.JUnitReportReporter -->
<testsuite hostname="khosruzs-MBP.lan" failures="0" tests="1" name="com.api.testsCustomers.TestGETCustomers" time="1.828" errors="0" timestamp="2022-06-13T13:39:12 EDT" skipped="0">
  <testcase classname="com.api.testsCustomers.TestGETCustomers" name="testAllCustomers" time="1.828"/>
  <system-out/>
</testsuite> <!-- com.api.testsCustomers.TestGETCustomers -->
