<?xml version="1.0" encoding="UTF-8"?>
<!-- Generated by org.testng.reporters.JUnitReportReporter -->
<testsuite skipped="0" hostname="khosruzs-MBP.lan" name="com.api.testsCustomers.TestPATCHCustomers" tests="1" failures="0" timestamp="2022-05-28T21:37:08 EDT" time="0.120" errors="0">
  <testcase name="testPatchCustomer" time="0.120" classname="com.api.testsCustomers.TestPATCHCustomers"/>
  <system-out/>
</testsuite> <!-- com.api.testsCustomers.TestPATCHCustomers -->
