<?xml version="1.0" encoding="UTF-8"?>
<!-- Generated by org.testng.reporters.JUnitReportReporter -->
<testsuite skipped="0" hostname="khosruzs-MBP.lan" name="com.api.testsCustomers.TestPOSTCustomers" tests="1" failures="0" timestamp="2022-05-29T21:37:45 EDT" time="2.623" errors="0">
  <testcase name="testPOSTCreateCustomer" time="2.623" classname="com.api.testsCustomers.TestPOSTCustomers"/>
  <system-out/>
</testsuite> <!-- com.api.testsCustomers.TestPOSTCustomers -->
