<?xml version="1.0" encoding="UTF-8"?>
<!-- Generated by org.testng.reporters.JUnitReportReporter -->
<testsuite skipped="0" hostname="khosruzs-MBP.lan" name="com.api.tests.TestPOSTCustomers" tests="1" failures="0" timestamp="2022-06-13T12:54:20 EDT" time="1.223" errors="0">
  <testcase name="testPOSTCreateCustomer" time="1.223" classname="com.api.tests.TestPOSTCustomers"/>
  <system-out/>
</testsuite> <!-- com.api.tests.TestPOSTCustomers -->
