<?xml version="1.0" encoding="UTF-8"?>
<!-- Generated by org.testng.reporters.JUnitReportReporter -->
<testsuite skipped="0" hostname="khosruzs-MBP.lan" name="com.api.tests.TestPUTCustomer" tests="1" failures="0" timestamp="2022-06-13T12:54:20 EDT" time="0.082" errors="0">
  <testcase name="testUpdateMultipleFields" time="0.082" classname="com.api.tests.TestPUTCustomer"/>
  <system-out/>
</testsuite> <!-- com.api.tests.TestPUTCustomer -->
